<?xml version="1.0" encoding="UTF-8"?>
<testsuite xmlns:xsi="http://www.w3.org/2001/XMLSchema-instance" xsi:noNamespaceSchemaLocation="https://maven.apache.org/surefire/maven-surefire-plugin/xsd/surefire-test-report.xsd" name="com.ghy.AppTest" time="0.03" tests="1" errors="0" skipped="0" failures="0">
  <properties>
    <property name="sun.desktop" value="windows"/>
    <property name="awt.toolkit" value="sun.awt.windows.WToolkit"/>
    <property name="file.encoding.pkg" value="sun.io"/>
    <property name="java.specification.version" value="1.8"/>
    <property name="sun.cpu.isalist" value="amd64"/>
    <property name="sun.jnu.encoding" value="GBK"/>
    <property name="java.class.path" value="F:\gitItems\myItems\dubboDemo\dubboDemo\dubbo_api\target\test-classes;F:\gitItems\myItems\dubboDemo\dubboDemo\dubbo_api\target\classes;F:\MyRepository\GHYRepository\junit\junit\4.11\junit-4.11.jar;F:\MyRepository\GHYRepository\org\hamcrest\hamcrest-core\1.3\hamcrest-core-1.3.jar;F:\MyRepository\GHYRepository\com\alibaba\dubbo\2.5.3\dubbo-2.5.3.jar;F:\MyRepository\GHYRepository\org\javassist\javassist\3.15.0-GA\javassist-3.15.0-GA.jar;F:\MyRepository\GHYRepository\org\jboss\netty\netty\3.2.5.Final\netty-3.2.5.Final.jar;F:\MyRepository\GHYRepository\com\github\sgroschupf\zkclient\0.1\zkclient-0.1.jar;F:\MyRepository\GHYRepository\org\apache\zookeeper\zookeeper\3.3.3\zookeeper-3.3.3.jar;F:\MyRepository\GHYRepository\jline\jline\0.9.94\jline-0.9.94.jar;F:\MyRepository\GHYRepository\log4j\log4j\1.2.14\log4j-1.2.14.jar;F:\MyRepository\GHYRepository\org\springframework\spring-core\4.3.6.RELEASE\spring-core-4.3.6.RELEASE.jar;F:\MyRepository\GHYRepository\commons-logging\commons-logging\1.2\commons-logging-1.2.jar;F:\MyRepository\GHYRepository\org\springframework\spring-beans\4.3.6.RELEASE\spring-beans-4.3.6.RELEASE.jar;F:\MyRepository\GHYRepository\org\springframework\spring-context\4.3.6.RELEASE\spring-context-4.3.6.RELEASE.jar;F:\MyRepository\GHYRepository\org\springframework\spring-expression\4.3.6.RELEASE\spring-expression-4.3.6.RELEASE.jar;F:\MyRepository\GHYRepository\org\springframework\spring-jdbc\4.3.6.RELEASE\spring-jdbc-4.3.6.RELEASE.jar;F:\MyRepository\GHYRepository\org\springframework\spring-web\4.3.6.RELEASE\spring-web-4.3.6.RELEASE.jar;F:\MyRepository\GHYRepository\org\springframework\spring-webmvc\4.3.6.RELEASE\spring-webmvc-4.3.6.RELEASE.jar;F:\MyRepository\GHYRepository\org\springframework\spring-aop\4.3.6.RELEASE\spring-aop-4.3.6.RELEASE.jar;F:\MyRepository\GHYRepository\org\springframework\spring-tx\4.3.6.RELEASE\spring-tx-4.3.6.RELEASE.jar;F:\MyRepository\GHYRepository\org\springframework\spring-orm\4.3.12.RELEASE\spring-orm-4.3.12.RELEASE.jar;F:\MyRepository\GHYRepository\org\springframework\spring-context-support\4.3.6.RELEASE\spring-context-support-4.3.6.RELEASE.jar;F:\MyRepository\GHYRepository\org\springframework\spring-test\4.3.6.RELEASE\spring-test-4.3.6.RELEASE.jar;F:\MyRepository\GHYRepository\org\springframework\spring-jms\4.2.1.RELEASE\spring-jms-4.2.1.RELEASE.jar;F:\MyRepository\GHYRepository\org\springframework\spring-messaging\4.3.6.RELEASE\spring-messaging-4.3.6.RELEASE.jar;F:\MyRepository\GHYRepository\org\aspectj\aspectjrt\1.7.4\aspectjrt-1.7.4.jar;F:\MyRepository\GHYRepository\org\aspectj\aspectjweaver\1.6.11\aspectjweaver-1.6.11.jar;F:\MyRepository\GHYRepository\dom4j\dom4j\1.6.1\dom4j-1.6.1.jar;F:\MyRepository\GHYRepository\xml-apis\xml-apis\1.4.01\xml-apis-1.4.01.jar;F:\MyRepository\GHYRepository\org\apache\maven\maven-model\3.0\maven-model-3.0.jar;F:\MyRepository\GHYRepository\org\codehaus\plexus\plexus-utils\2.0.4\plexus-utils-2.0.4.jar;F:\MyRepository\GHYRepository\org\apache\maven\maven-model-builder\3.0\maven-model-builder-3.0.jar;F:\MyRepository\GHYRepository\org\codehaus\plexus\plexus-interpolation\1.14\plexus-interpolation-1.14.jar;F:\MyRepository\GHYRepository\org\codehaus\plexus\plexus-component-annotations\1.5.5\plexus-component-annotations-1.5.5.jar;F:\MyRepository\GHYRepository\org\apache\maven\shared\maven-invoker\3.0.1\maven-invoker-3.0.1.jar;F:\MyRepository\GHYRepository\org\apache\maven\shared\maven-shared-utils\3.2.1\maven-shared-utils-3.2.1.jar;F:\MyRepository\GHYRepository\commons-io\commons-io\2.5\commons-io-2.5.jar;"/>
    <property name="java.vm.vendor" value="Oracle Corporation"/>
    <property name="sun.arch.data.model" value="64"/>
    <property name="user.variant" value=""/>
    <property name="java.vendor.url" value="http://java.oracle.com/"/>
    <property name="user.timezone" value="Asia/Shanghai"/>
    <property name="java.vm.specification.version" value="1.8"/>
    <property name="os.name" value="Windows 10"/>
    <property name="user.country" value="CN"/>
    <property name="sun.java.launcher" value="SUN_STANDARD"/>
    <property name="sun.boot.library.path" value="E:\install\java\jdk1.8.0_181\jre\bin"/>
    <property name="sun.java.command" value="C:\Users\Loewe\AppData\Local\Temp\surefire4414266286520328441\surefirebooter4047966499562793678.jar C:\Users\Loewe\AppData\Local\Temp\surefire4414266286520328441 2020-03-02T19-09-34_589-jvmRun1 surefire7665642119195006460tmp surefire_08334096336245172694tmp"/>
    <property name="surefire.test.class.path" value="F:\gitItems\myItems\dubboDemo\dubboDemo\dubbo_api\target\test-classes;F:\gitItems\myItems\dubboDemo\dubboDemo\dubbo_api\target\classes;F:\MyRepository\GHYRepository\junit\junit\4.11\junit-4.11.jar;F:\MyRepository\GHYRepository\org\hamcrest\hamcrest-core\1.3\hamcrest-core-1.3.jar;F:\MyRepository\GHYRepository\com\alibaba\dubbo\2.5.3\dubbo-2.5.3.jar;F:\MyRepository\GHYRepository\org\javassist\javassist\3.15.0-GA\javassist-3.15.0-GA.jar;F:\MyRepository\GHYRepository\org\jboss\netty\netty\3.2.5.Final\netty-3.2.5.Final.jar;F:\MyRepository\GHYRepository\com\github\sgroschupf\zkclient\0.1\zkclient-0.1.jar;F:\MyRepository\GHYRepository\org\apache\zookeeper\zookeeper\3.3.3\zookeeper-3.3.3.jar;F:\MyRepository\GHYRepository\jline\jline\0.9.94\jline-0.9.94.jar;F:\MyRepository\GHYRepository\log4j\log4j\1.2.14\log4j-1.2.14.jar;F:\MyRepository\GHYRepository\org\springframework\spring-core\4.3.6.RELEASE\spring-core-4.3.6.RELEASE.jar;F:\MyRepository\GHYRepository\commons-logging\commons-logging\1.2\commons-logging-1.2.jar;F:\MyRepository\GHYRepository\org\springframework\spring-beans\4.3.6.RELEASE\spring-beans-4.3.6.RELEASE.jar;F:\MyRepository\GHYRepository\org\springframework\spring-context\4.3.6.RELEASE\spring-context-4.3.6.RELEASE.jar;F:\MyRepository\GHYRepository\org\springframework\spring-expression\4.3.6.RELEASE\spring-expression-4.3.6.RELEASE.jar;F:\MyRepository\GHYRepository\org\springframework\spring-jdbc\4.3.6.RELEASE\spring-jdbc-4.3.6.RELEASE.jar;F:\MyRepository\GHYRepository\org\springframework\spring-web\4.3.6.RELEASE\spring-web-4.3.6.RELEASE.jar;F:\MyRepository\GHYRepository\org\springframework\spring-webmvc\4.3.6.RELEASE\spring-webmvc-4.3.6.RELEASE.jar;F:\MyRepository\GHYRepository\org\springframework\spring-aop\4.3.6.RELEASE\spring-aop-4.3.6.RELEASE.jar;F:\MyRepository\GHYRepository\org\springframework\spring-tx\4.3.6.RELEASE\spring-tx-4.3.6.RELEASE.jar;F:\MyRepository\GHYRepository\org\springframework\spring-orm\4.3.12.RELEASE\spring-orm-4.3.12.RELEASE.jar;F:\MyRepository\GHYRepository\org\springframework\spring-context-support\4.3.6.RELEASE\spring-context-support-4.3.6.RELEASE.jar;F:\MyRepository\GHYRepository\org\springframework\spring-test\4.3.6.RELEASE\spring-test-4.3.6.RELEASE.jar;F:\MyRepository\GHYRepository\org\springframework\spring-jms\4.2.1.RELEASE\spring-jms-4.2.1.RELEASE.jar;F:\MyRepository\GHYRepository\org\springframework\spring-messaging\4.3.6.RELEASE\spring-messaging-4.3.6.RELEASE.jar;F:\MyRepository\GHYRepository\org\aspectj\aspectjrt\1.7.4\aspectjrt-1.7.4.jar;F:\MyRepository\GHYRepository\org\aspectj\aspectjweaver\1.6.11\aspectjweaver-1.6.11.jar;F:\MyRepository\GHYRepository\dom4j\dom4j\1.6.1\dom4j-1.6.1.jar;F:\MyRepository\GHYRepository\xml-apis\xml-apis\1.4.01\xml-apis-1.4.01.jar;F:\MyRepository\GHYRepository\org\apache\maven\maven-model\3.0\maven-model-3.0.jar;F:\MyRepository\GHYRepository\org\codehaus\plexus\plexus-utils\2.0.4\plexus-utils-2.0.4.jar;F:\MyRepository\GHYRepository\org\apache\maven\maven-model-builder\3.0\maven-model-builder-3.0.jar;F:\MyRepository\GHYRepository\org\codehaus\plexus\plexus-interpolation\1.14\plexus-interpolation-1.14.jar;F:\MyRepository\GHYRepository\org\codehaus\plexus\plexus-component-annotations\1.5.5\plexus-component-annotations-1.5.5.jar;F:\MyRepository\GHYRepository\org\apache\maven\shared\maven-invoker\3.0.1\maven-invoker-3.0.1.jar;F:\MyRepository\GHYRepository\org\apache\maven\shared\maven-shared-utils\3.2.1\maven-shared-utils-3.2.1.jar;F:\MyRepository\GHYRepository\commons-io\commons-io\2.5\commons-io-2.5.jar;"/>
    <property name="sun.cpu.endian" value="little"/>
    <property name="user.home" value="C:\Users\Loewe"/>
    <property name="user.language" value="zh"/>
    <property name="java.specification.vendor" value="Oracle Corporation"/>
    <property name="java.home" value="E:\install\java\jdk1.8.0_181\jre"/>
    <property name="basedir" value="F:\gitItems\myItems\dubboDemo\dubboDemo\dubbo_api"/>
    <property name="file.separator" value="\"/>
    <property name="line.separator" value="&#10;"/>
    <property name="java.vm.specification.vendor" value="Oracle Corporation"/>
    <property name="java.specification.name" value="Java Platform API Specification"/>
    <property name="java.awt.graphicsenv" value="sun.awt.Win32GraphicsEnvironment"/>
    <property name="surefire.real.class.path" value="C:\Users\Loewe\AppData\Local\Temp\surefire4414266286520328441\surefirebooter4047966499562793678.jar"/>
    <property name="sun.boot.class.path" value="E:\install\java\jdk1.8.0_181\jre\lib\resources.jar;E:\install\java\jdk1.8.0_181\jre\lib\rt.jar;E:\install\java\jdk1.8.0_181\jre\lib\sunrsasign.jar;E:\install\java\jdk1.8.0_181\jre\lib\jsse.jar;E:\install\java\jdk1.8.0_181\jre\lib\jce.jar;E:\install\java\jdk1.8.0_181\jre\lib\charsets.jar;E:\install\java\jdk1.8.0_181\jre\lib\jfr.jar;E:\install\java\jdk1.8.0_181\jre\classes"/>
    <property name="user.script" value=""/>
    <property name="sun.management.compiler" value="HotSpot 64-Bit Tiered Compilers"/>
    <property name="java.runtime.version" value="1.8.0_181-b13"/>
    <property name="user.name" value="Loewe"/>
    <property name="path.separator" value=";"/>
    <property name="os.version" value="10.0"/>
    <property name="java.endorsed.dirs" value="E:\install\java\jdk1.8.0_181\jre\lib\endorsed"/>
    <property name="java.runtime.name" value="Java(TM) SE Runtime Environment"/>
    <property name="file.encoding" value="GBK"/>
    <property name="java.vm.name" value="Java HotSpot(TM) 64-Bit Server VM"/>
    <property name="localRepository" value="F:\MyRepository\GHYRepository"/>
    <property name="java.vendor.url.bug" value="http://bugreport.sun.com/bugreport/"/>
    <property name="java.io.tmpdir" value="C:\Users\Loewe\AppData\Local\Temp\"/>
    <property name="idea.version" value="2018.3.3"/>
    <property name="java.version" value="1.8.0_181"/>
    <property name="user.dir" value="F:\gitItems\myItems\dubboDemo\dubboDemo\dubbo_api"/>
    <property name="os.arch" value="amd64"/>
    <property name="java.vm.specification.name" value="Java Virtual Machine Specification"/>
    <property name="java.awt.printerjob" value="sun.awt.windows.WPrinterJob"/>
    <property name="sun.os.patch.level" value=""/>
    <property name="java.library.path" value="E:\install\java\jdk1.8.0_181\jre\bin;C:\Windows\Sun\Java\bin;C:\Windows\system32;C:\Windows;E:\install\xftp6\;E:\install\product\11.2.0\dbhome_1\bin;C:\Program Files (x86)\Common Files\Oracle\Java\javapath;C:\Windows\system32;C:\Windows;C:\Windows\System32\Wbem;C:\Windows\System32\WindowsPowerShell\v1.0\;C:\Windows\System32\OpenSSH\;E:\install\java\jdk1.8.0_181\bin;E:\install\apache-maven-3.6.1\bin;E:\install\GitExtensions\;E:\javaSoft\gradle-4.6\bin;F:\Go\bin;E:\install\mongodb\mongodb\mongodb-win32-x86_64-2012plus-4.2.3\bin;E:\install\GIT\cmd;E:\install\nodejs\;C:\Users\Loewe\AppData\Local\Microsoft\WindowsApps;C:\Users\Loewe\go\bin;C:\Users\Loewe\AppData\Roaming\npm;."/>
    <property name="java.vm.info" value="mixed mode"/>
    <property name="java.vendor" value="Oracle Corporation"/>
    <property name="java.vm.version" value="25.181-b13"/>
    <property name="java.ext.dirs" value="E:\install\java\jdk1.8.0_181\jre\lib\ext;C:\Windows\Sun\Java\lib\ext"/>
    <property name="sun.io.unicode.encoding" value="UnicodeLittle"/>
    <property name="java.class.version" value="52.0"/>
  </properties>
  <testcase name="shouldAnswerWithTrue" classname="com.ghy.AppTest" time="0.003"/>
</testsuite>